<?xml version="1.0" encoding="UTF-8"?>
<testsuite name="Minitest::Result" tests="57" time="0.0708808" failures="0" errors="2" skipped="0" assertions="28" timestamp="2022-06-12T19:23:24-03:00">
  <testcase name="test_draw" time="1.0300002031726763e-05" assertions="0">
  </testcase>
  <testcase name="test_update" time="3.2500000088475645e-05" assertions="1">
  </testcase>
  <testcase name="test_draw" time="5.40000110049732e-06" assertions="0">
  </testcase>
  <testcase name="test_can_move_d?" time="2.7800000680144876e-05" assertions="1">
  </testcase>
  <testcase name="test_clear_rights" time="4.900000931229442e-06" assertions="0">
  </testcase>
  <testcase name="test_local?" time="7.299997378140688e-06" assertions="1">
  </testcase>
  <testcase name="test_can_move_c?" time="5.900001269765198e-06" assertions="1">
  </testcase>
  <testcase name="test_enable_to_move" time="3.5000011848751456e-06" assertions="0">
  </testcase>
  <testcase name="test_can_move_b?" time="5.699999746866524e-06" assertions="1">
  </testcase>
  <testcase name="test_brackets" time="3.6999990697950125e-06" assertions="0">
  </testcase>
  <testcase name="test_can_move_a?" time="6.199999916134402e-06" assertions="1">
  </testcase>
  <testcase name="test_can_roll_dice?" time="5.500001861946657e-06" assertions="1">
  </testcase>
  <testcase name="test_to_s" time="7.499998901039362e-06" assertions="1">
  </testcase>
  <testcase name="test_draw" time="5.49999822396785e-06" assertions="0">
  </testcase>
  <testcase name="test_update" time="1.309999788645655e-05" assertions="0">
  </testcase>
  <testcase name="test_join_lobby" time="5.000001692678779e-06" assertions="0">
  </testcase>
  <testcase name="test_leave_lobby" time="4.5000015234109014e-06" assertions="0">
  </testcase>
  <testcase name="test_reset_countdown" time="3.65999985660892e-05" assertions="0">
  </testcase>
  <testcase name="test_draw" time="3.070000093430281e-05" assertions="1">
  </testcase>
  <testcase name="test_draw" time="1.0700001439545304e-05" assertions="0">
  </testcase>
  <testcase name="test_next_turn" time="0.0006773999994038604" assertions="1">
  </testcase>
  <testcase name="test_check_possible_regular_moves" time="0.003766199999517994" assertions="0">
  </testcase>
  <testcase name="test_get_next_player_cell_ident" time="0.0024752999997872394" assertions="0">
  </testcase>
  <testcase name="test_send_token_to_its_house" time="0.00024420000045211054" assertions="0">
  </testcase>
  <testcase name="test_assign_tokens_to_players" time="0.0004924999993818346" assertions="4">
  </testcase>
  <testcase name="test_tokens_to_draw_from_house" time="0.0006380000013450626" assertions="0">
    <error type="ArgumentError" message="ArgumentError: missing keyword: :player...">
ArgumentError: missing keyword: :player
    C:/Users/julib/Documents/GitHub/parchis/lib/parchis/board.rb:189:in `tokens_to_draw_from_house'
    C:/Users/julib/Documents/GitHub/parchis/test/tc_board.rb:65:in `test_tokens_to_draw_from_house' (ArgumentError)
C:/Users/julib/Documents/GitHub/parchis/lib/parchis/board.rb:189    </error>
  </testcase>
  <testcase name="test_perform_move" time="0.00028360000214888714" assertions="0">
  </testcase>
  <testcase name="test_dice_rolled" time="0.0006480999982159119" assertions="0">
    <error type="TypeError" message="TypeError: no implicit conversion from nil to integer...">
TypeError: no implicit conversion from nil to integer
    C:/Users/julib/Documents/GitHub/parchis/test/tc_board.rb:40:in `test_dice_rolled' (TypeError)
C:/Users/julib/Documents/GitHub/parchis/test/tc_board.rb:40    </error>
  </testcase>
  <testcase name="test_initialize_cells" time="0.000301499996567145" assertions="1">
  </testcase>
  <testcase name="test_tokens_in_barriers_that_can_be_moved" time="0.00022009999884176068" assertions="0">
  </testcase>
  <testcase name="test_player_quitted" time="0.002347500001633307" assertions="0">
  </testcase>
  <testcase name="test_tokens_in_play_that_can_be_moved_to_" time="0.0006036999984644353" assertions="0">
  </testcase>
  <testcase name="test_assign_color_to_players" time="0.0029857000008632895" assertions="5">
  </testcase>
  <testcase name="test_roll" time="3.980000110459514e-05" assertions="2">
  </testcase>
  <testcase name="test_leave_game" time="1.590000101714395e-05" assertions="0">
  </testcase>
  <testcase name="test_event_processed" time="5.100002454128116e-06" assertions="0">
  </testcase>
  <testcase name="test_update" time="4.900000931229442e-06" assertions="0">
  </testcase>
  <testcase name="test_force_last_roll" time="1.7899998056236655e-05" assertions="0">
  </testcase>
  <testcase name="test_set_unknown_state" time="1.6199999663513154e-05" assertions="1">
  </testcase>
  <testcase name="test_roll" time="3.510000169626437e-05" assertions="4">
  </testcase>
  <testcase name="test_empty?" time="2.7099998987978324e-05" assertions="1">
  </testcase>
  <testcase name="test_place_token" time="9.900002623908222e-06" assertions="0">
  </testcase>
  <testcase name="test_barrier?" time="7.99999907030724e-06" assertions="0">
  </testcase>
  <testcase name="test_remove_token" time="6.599999323952943e-06" assertions="0">
  </testcase>
  <testcase name="test_draw_phase_3" time="1.0700001439545304e-05" assertions="0">
  </testcase>
  <testcase name="test_update" time="4.300000000512227e-06" assertions="0">
  </testcase>
  <testcase name="test_initialize_view" time="4.400000761961564e-06" assertions="0">
  </testcase>
  <testcase name="test_draw_token" time="4.800000169780105e-06" assertions="0">
  </testcase>
  <testcase name="test_enqueue_error" time="4.300000000512227e-06" assertions="0">
  </testcase>
  <testcase name="test_judge_second_dice_casting" time="2.9999973776284605e-06" assertions="0">
  </testcase>
  <testcase name="test_draw_phase_1" time="3.9000005926936865e-06" assertions="0">
  </testcase>
  <testcase name="test_draw_phase_2" time="3.2999996619764715e-06" assertions="0">
  </testcase>
  <testcase name="test_initialize_phase_2" time="3.2999996619764715e-06" assertions="0">
  </testcase>
  <testcase name="test_reset_to_phase_1" time="4.1000021155923605e-06" assertions="0">
  </testcase>
  <testcase name="test_draw" time="4.2000028770416975e-06" assertions="0">
  </testcase>
  <testcase name="test_capture_name" time="3.1999989005271345e-06" assertions="0">
  </testcase>
  <testcase name="test_draw_cells_content" time="3.9000005926936865e-06" assertions="0">
  </testcase>
</testsuite>
